2025/04/26 17:17:47 [POST] /api/users/register 200 828.403986ms
2025/04/26 17:17:56 [POST] /api/users/login 200 765.313146ms
2025/04/26 17:18:05 [POST] /api/transactions 401 12.618µs
2025/04/26 17:20:09 [POST] /api/transactions 200 12.703481ms
2025/04/26 17:20:27 [GET] /api/transactions 200 361.492µs
2025/04/26 18:51:57 [OPTIONS] /api/users/register 200 35.613µs
2025/04/26 18:52:15 [OPTIONS] /api/users/register 200 9.095µs
2025/04/27 03:18:44 [POST] /api/users/register 200 2.057291553s
2025/04/27 03:21:30 [GET] / 200 13.15µs
2025/04/27 03:21:30 [GET] /favicon.ico 200 5.28µs
2025/04/27 03:30:34 [GET] / 200 19.377µs
2025/04/27 03:30:34 [GET] /favicon.ico 200 12.687µs
2025/04/27 03:30:39 [GET] /api/users 200 5.241µs
2025/04/27 03:30:45 [GET] /api/transactions 401 42.009µs
2025/04/27 03:30:45 [GET] /favicon.ico 200 2.994µs
2025/04/27 03:34:44 [GET] /api/users/register 200 7.634µs
2025/04/27 03:40:41 [GET] / 200 3.261µs
2025/04/27 03:44:02 [POST] /api/users/register 200 743.081332ms
2025/04/27 04:22:25 [POST] /api/users/login 401 731.250312ms
2025/04/27 04:22:41 [POST] /api/users/login 401 733.785718ms
2025/04/27 04:22:53 [POST] /api/users/register 400 747.342866ms
2025/04/27 04:23:09 [POST] /api/users/login 200 747.312404ms
2025/04/27 04:25:08 [POST] /api/users/login 200 746.843064ms
2025/04/27 06:26:22 [GET] /login 200 18.99µs
2025/04/27 06:26:38 [GET] /api/login 200 13.342µs
2025/04/27 06:26:47 [GET] /api/users/login 200 63.08µs
2025/04/27 06:51:43 [GET] /api/users/login 200 77.237µs
2025/04/27 06:51:43 [GET] /favicon.ico 200 9.845µs
2025/04/27 06:54:04 [GET] /login 400 44.486µs
2025/04/27 06:54:04 [GET] /favicon.ico 200 5.539µs
2025/04/27 06:59:00 [GET] /login 400 42.968µs
2025/04/27 06:59:00 [GET] /favicon.ico 200 8.089µs
2025/04/27 06:59:03 [GET] /login 400 25.646µs
2025/04/27 07:01:49 [GET] /api/users/login 200 52.291µs
2025/04/27 07:01:49 [GET] /favicon.ico 200 8.356µs
2025/04/27 07:02:09 [GET] /api/users/login 200 54.826µs
2025/04/27 07:02:09 [GET] /favicon.ico 200 4.132µs
2025/04/27 07:04:15 [GET] /api/users/login 200 39.966µs
2025/04/27 07:06:47 [GET] /api/users/login 200 43.242µs
2025/04/27 07:13:54 [GET] /api/users/login 200 35.278µs
2025/04/27 07:13:54 [GET] /favicon.ico 200 7.647µs
2025/04/27 07:19:14 [GET] /api/users/login 200 325.343µs
2025/04/27 07:19:14 [GET] /favicon.ico 200 18.684µs
2025/04/27 14:13:19 [GET] /login 200 414.579µs
2025/04/27 14:13:19 [GET] /favicon.ico 200 100.838µs
2025/04/27 14:13:22 [GET] /register 200 133.386µs
2025/04/27 14:13:22 [GET] /favicon.ico 200 5.289µs
2025/04/27 14:19:14 [GET] / 200 11.318µs
2025/04/27 14:19:14 [GET] /favicon.ico 200 3.624µs
2025/04/27 14:23:53 [GET] / 200 153.211µs
2025/04/27 14:23:53 [GET] /favicon.ico 200 8.249µs
2025/04/27 14:23:55 [GET] / 200 57.683µs
2025/04/27 14:23:55 [GET] /favicon.ico 200 10.306µs
2025/04/27 14:23:56 [GET] / 200 37.855µs
2025/04/27 14:23:56 [GET] /favicon.ico 200 5.076µs
2025/04/27 14:23:57 [GET] /add 200 6.285µs
2025/04/27 14:30:10 [GET] / 302 13.363µs
2025/04/27 14:30:10 [GET] /login 302 5.09µs
2025/04/27 14:30:10 [GET] /login 302 7.495µs
2025/04/27 14:30:10 [GET] /login 302 4.241µs
2025/04/27 14:30:10 [GET] /login 302 1.193µs
2025/04/27 14:30:10 [GET] /login 302 974ns
2025/04/27 14:30:10 [GET] /login 302 1.213µs
2025/04/27 14:30:10 [GET] /login 302 7.257µs
2025/04/27 14:30:10 [GET] /login 302 6.116µs
2025/04/27 14:30:10 [GET] /login 302 4.924µs
2025/04/27 14:30:10 [GET] /login 302 2.384µs
2025/04/27 14:30:10 [GET] /login 302 3.421µs
2025/04/27 14:30:10 [GET] /login 302 6.459µs
2025/04/27 14:30:10 [GET] /login 302 4.313µs
2025/04/27 14:30:10 [GET] /login 302 3.296µs
2025/04/27 14:30:10 [GET] /login 302 3.536µs
2025/04/27 14:30:10 [GET] /login 302 1.192µs
2025/04/27 14:30:10 [GET] /login 302 943ns
2025/04/27 14:30:10 [GET] /login 302 1.493µs
2025/04/27 14:30:10 [GET] /login 302 3.317µs
2025/04/27 14:30:10 [GET] /login 302 5.432µs
2025/04/27 14:30:16 [GET] /login 302 4.117µs
2025/04/27 14:30:16 [GET] /login 302 3.993µs
2025/04/27 14:30:16 [GET] /login 302 3.062µs
2025/04/27 14:30:16 [GET] /login 302 2.421µs
2025/04/27 14:30:16 [GET] /login 302 2.007µs
2025/04/27 14:30:16 [GET] /login 302 4.241µs
2025/04/27 14:30:16 [GET] /login 302 5.379µs
2025/04/27 14:30:16 [GET] /login 302 2.648µs
2025/04/27 14:30:16 [GET] /login 302 2.41µs
2025/04/27 14:30:16 [GET] /login 302 2.968µs
2025/04/27 14:30:16 [GET] /login 302 2.576µs
2025/04/27 14:30:16 [GET] /login 302 3.011µs
2025/04/27 14:30:16 [GET] /login 302 2.762µs
2025/04/27 14:30:16 [GET] /login 302 2.141µs
2025/04/27 14:30:16 [GET] /login 302 2.855µs
2025/04/27 14:30:16 [GET] /login 302 3.155µs
2025/04/27 14:30:16 [GET] /login 302 2.721µs
2025/04/27 14:30:16 [GET] /login 302 2.172µs
2025/04/27 14:30:16 [GET] /login 302 3.444µs
2025/04/27 14:30:16 [GET] /login 302 2.628µs
2025/04/27 14:30:16 [GET] /login 302 1.313µs
2025/04/27 14:30:16 [GET] /login 302 4.799µs
2025/04/27 14:30:16 [GET] /login 302 4.51µs
2025/04/27 14:30:16 [GET] /login 302 1.324µs
2025/04/27 14:30:16 [GET] /login 302 1.407µs
2025/04/27 14:30:16 [GET] /login 302 942ns
2025/04/27 14:30:16 [GET] /login 302 1.127µs
2025/04/27 14:30:16 [GET] /login 302 1.841µs
2025/04/27 14:30:16 [GET] /login 302 5.979µs
2025/04/27 14:30:16 [GET] /login 302 4.789µs
2025/04/27 14:30:16 [GET] /login 302 2.866µs
2025/04/27 14:30:16 [GET] /login 302 3.413µs
2025/04/27 14:30:16 [GET] /login 302 3.31µs
2025/04/27 14:30:16 [GET] /login 302 6.848µs
2025/04/27 14:30:16 [GET] /login 302 3.972µs
2025/04/27 14:30:16 [GET] /login 302 4.407µs
2025/04/27 14:30:16 [GET] /login 302 2.131µs
2025/04/27 14:30:16 [GET] /login 302 1.283µs
2025/04/27 14:30:16 [GET] /login 302 1.138µs
2025/04/27 14:30:16 [GET] /login 302 952ns
2025/04/27 14:30:16 [GET] /login 302 2.606µs
2025/04/27 14:30:16 [GET] /login 302 3.341µs
2025/04/27 14:30:17 [GET] /login 302 8.482µs
2025/04/27 14:30:17 [GET] /login 302 8.316µs
2025/04/27 14:30:17 [GET] /login 302 3.186µs
2025/04/27 14:30:17 [GET] /login 302 4.199µs
2025/04/27 14:30:17 [GET] /login 302 6.289µs
2025/04/27 14:30:17 [GET] /login 302 4.686µs
2025/04/27 14:30:17 [GET] /login 302 3.961µs
2025/04/27 14:30:17 [GET] /login 302 1.562µs
2025/04/27 14:30:17 [GET] /login 302 4.179µs
2025/04/27 14:30:17 [GET] /login 302 2.482µs
2025/04/27 14:30:17 [GET] /login 302 5.876µs
2025/04/27 14:30:17 [GET] /login 302 4.107µs
2025/04/27 14:30:17 [GET] /login 302 5.606µs
2025/04/27 14:30:17 [GET] /login 302 6.279µs
2025/04/27 14:30:17 [GET] /login 302 6.031µs
2025/04/27 14:30:17 [GET] /login 302 4.634µs
2025/04/27 14:30:17 [GET] /login 302 3.682µs
2025/04/27 14:30:17 [GET] /login 302 3.206µs
2025/04/27 14:30:17 [GET] /login 302 3.766µs
2025/04/27 14:30:17 [GET] /login 302 4.779µs
2025/04/27 14:30:17 [GET] /login 302 3.631µs
2025/04/27 14:30:24 [GET] /login 302 4.273µs
2025/04/27 14:30:24 [GET] /login 302 1.542µs
2025/04/27 14:30:24 [GET] /login 302 1.158µs
2025/04/27 14:30:24 [GET] /login 302 4.417µs
2025/04/27 14:30:24 [GET] /login 302 6.248µs
2025/04/27 14:30:24 [GET] /login 302 6.32µs
2025/04/27 14:30:24 [GET] /login 302 4.727µs
2025/04/27 14:30:24 [GET] /login 302 2.938µs
2025/04/27 14:30:24 [GET] /login 302 1.635µs
2025/04/27 14:30:24 [GET] /login 302 7.427µs
2025/04/27 14:30:24 [GET] /login 302 4.913µs
2025/04/27 14:30:24 [GET] /login 302 4.696µs
2025/04/27 14:30:24 [GET] /login 302 4.686µs
2025/04/27 14:30:24 [GET] /login 302 6.248µs
2025/04/27 14:30:24 [GET] /login 302 4.22µs
2025/04/27 14:30:24 [GET] /login 302 7.53µs
2025/04/27 14:30:24 [GET] /login 302 4.468µs
2025/04/27 14:30:24 [GET] /login 302 2.379µs
2025/04/27 14:30:24 [GET] /login 302 11.957µs
2025/04/27 14:30:24 [GET] /login 302 6.713µs
2025/04/27 14:30:24 [GET] /login 302 8.057µs
2025/04/27 14:34:53 [GET] / 302 4.628µs
2025/04/27 14:34:53 [GET] /login 200 356.067µs
2025/04/27 14:36:49 [GET] /register 200 135.873µs
2025/04/27 14:36:49 [GET] /favicon.ico 302 9.885µs
2025/04/27 14:37:03 [POST] /register 200 46.147µs
2025/04/27 14:39:22 [GET] /register 200 293.284µs
2025/04/27 14:39:22 [GET] /favicon.ico 302 6.501µs
2025/04/27 14:39:28 [GET] / 302 4.306µs
2025/04/27 14:39:28 [GET] /login 200 137.591µs
2025/04/27 14:39:28 [GET] /favicon.ico 302 5.083µs
2025/04/27 14:39:32 [GET] /register 200 46.992µs
2025/04/27 14:39:32 [GET] /favicon.ico 302 6.468µs
2025/04/27 14:39:48 [POST] /register 400 120.19µs
2025/04/27 14:39:48 [GET] /favicon.ico 302 3.635µs
2025/04/27 14:39:48 [GET] /login 200 167.843µs
2025/04/27 14:44:25 [GET] /register 200 197.863µs
2025/04/27 14:44:25 [GET] /favicon.ico 302 5.559µs
2025/04/27 14:44:36 [POST] /register 400 83.206µs
2025/04/27 14:59:17 [GET] / 302 25.118µs
2025/04/27 14:59:17 [GET] /login 200 226.902µs
2025/04/27 14:59:19 [GET] /register 200 139.744µs
2025/04/27 14:59:53 [POST] /register 302 792.394673ms
2025/04/27 14:59:53 [GET] /login 200 45.457µs
2025/04/27 15:04:42 [POST] /login 302 779.626952ms
2025/04/27 15:04:42 [GET] /dashboard 200 54.973µs
2025/04/27 15:18:49 [GET] / 200 331.103µs
2025/04/27 15:18:49 [GET] /favicon.ico 200 54.306µs
2025/04/27 15:18:51 [GET] / 200 68.871µs
2025/04/27 15:18:51 [GET] /favicon.ico 200 46.542µs
2025/04/27 15:18:52 [GET] / 200 144.853µs
2025/04/27 15:18:56 [GET] / 200 89.438µs
2025/04/27 15:18:56 [GET] /favicon.ico 200 52.489µs
2025/04/27 15:18:57 [GET] /add 200 47.644µs
2025/04/27 15:18:57 [GET] /favicon.ico 200 49.052µs
2025/04/27 15:19:02 [GET] /login 200 146.451µs
2025/04/27 15:22:09 [GET] / 200 294.391µs
2025/04/27 15:22:09 [GET] /favicon.ico 200 86.12µs
2025/04/27 15:22:11 [GET] / 200 78.51µs
2025/04/27 15:22:11 [GET] /favicon.ico 200 50.946µs
2025/04/27 15:22:11 [GET] / 200 91.283µs
2025/04/27 15:22:14 [GET] / 200 92.163µs
2025/04/27 15:22:14 [GET] /favicon.ico 200 92.205µs
2025/04/27 15:22:15 [GET] / 200 119.955µs
2025/04/27 15:22:15 [GET] / 200 87.112µs
2025/04/27 15:22:15 [GET] /favicon.ico 200 50.273µs
2025/04/27 15:22:15 [GET] / 200 80.694µs
2025/04/27 15:22:17 [GET] / 200 118.806µs
2025/04/27 15:22:19 [GET] /add 200 355.957µs
2025/04/27 15:22:27 [GET] / 200 199.54µs
2025/04/27 15:22:27 [GET] /favicon.ico 200 73.091µs
2025/04/27 16:10:02 [GET] / 401 73.19µs
2025/04/27 16:10:04 [GET] / 401 21.624µs
2025/04/27 16:10:05 [GET] / 401 15.441µs
2025/04/27 16:10:05 [GET] / 401 15.224µs
2025/04/27 16:10:06 [GET] / 401 15.849µs
2025/04/27 16:10:06 [GET] / 401 15.363µs
2025/04/27 16:10:06 [GET] / 401 36.023µs
2025/04/27 16:10:08 [GET] / 401 18.843µs
2025/04/27 16:10:14 [GET] / 401 19.934µs
2025/04/27 16:10:27 [GET] / 401 17.062µs
2025/04/27 16:10:32 [GET] /login 401 19.022µs
2025/04/27 16:18:39 [GET] /login 200 293.4µs
2025/04/27 16:18:39 [GET] /favicon.ico 200 185.322µs
2025/04/27 16:18:42 [GET] / 200 211.729µs
2025/04/27 16:18:43 [GET] / 200 153.359µs
2025/04/27 16:18:47 [GET] /add 200 150.368µs
2025/04/27 17:48:48 [GET] /add 200 6.49747ms
2025/04/27 17:48:48 [GET] /favicon.ico 200 426.109µs
2025/04/27 17:48:52 [GET] / 200 442.369µs
2025/04/27 21:15:30 [GET] / 200 1.024307ms
2025/04/27 21:15:30 [GET] /favicon.ico 200 93.774µs
2025/04/27 21:15:35 [GET] /add 200 138.727µs
2025/04/27 21:16:07 [POST] /add 200 92.235µs
2025/04/27 21:16:07 [GET] /favicon.ico 200 46.364µs
2025/04/27 21:17:57 [GET] / 200 171.121µs
2025/04/27 21:17:57 [GET] /favicon.ico 200 47.861µs
2025/04/27 21:17:59 [GET] /add 200 122.888µs
2025/04/27 21:19:10 [GET] / 302 4.485µs
2025/04/27 21:19:10 [GET] /login 200 180.297µs
2025/04/27 21:19:10 [GET] /favicon.ico 302 3.923µs
2025/04/27 21:19:10 [GET] /login 200 45.603µs
2025/04/27 21:19:17 [POST] /login 200 577.382µs
2025/04/27 21:19:17 [GET] /favicon.ico 302 4.937µs
2025/04/27 21:19:17 [GET] /login 200 48.133µs
2025/04/27 21:19:22 [POST] /login 200 364.255µs
2025/04/27 21:19:22 [GET] /favicon.ico 302 5.512µs
2025/04/27 21:19:22 [GET] /login 200 89.574µs
2025/04/27 21:19:25 [GET] /register 200 113.665µs
2025/04/27 21:19:25 [GET] /favicon.ico 302 3.767µs
2025/04/27 21:19:25 [GET] /login 200 39.729µs
2025/04/27 21:19:36 [POST] /register 302 839.56432ms
2025/04/27 21:19:36 [GET] /login 200 40.479µs
2025/04/27 21:19:36 [GET] /favicon.ico 302 3.978µs
2025/04/27 21:19:36 [GET] /login 200 46.352µs
2025/04/27 21:19:42 [POST] /login 302 794.056695ms
2025/04/27 21:19:42 [GET] / 200 130.439µs
2025/04/27 21:19:42 [GET] /favicon.ico 200 71.633µs
2025/04/27 21:19:43 [GET] /add 200 163.798µs
2025/04/27 21:32:08 [GET] / 200 215.469µs
2025/04/27 21:32:10 [GET] /add 200 108.389µs
2025/04/27 21:36:51 [GET] / 200 532.009µs
2025/04/27 21:36:53 [GET] /add 200 391.996µs
2025/04/27 21:37:02 [POST] /add 200 107.174µs
2025/04/27 21:37:12 [GET] /add 200 301.536µs
2025/04/27 21:37:15 [GET] / 200 238.653µs
2025/04/27 21:37:22 [POST] /add 200 58.602µs
2025/04/27 21:42:08 [GET] /add 200 317.207µs
2025/04/27 21:42:11 [GET] / 200 153.097µs
2025/04/27 22:17:36 [POST] /add 200 12.902978ms
2025/04/27 22:17:38 [GET] /add 200 227.911µs
2025/04/27 22:17:47 [POST] /add 200 15.652359ms
2025/04/27 22:17:53 [GET] / 200 243.885µs
2025/04/27 22:17:56 [GET] / 200 80.436µs
2025/04/27 22:18:21 [GET] / 200 186.258µs
2025/04/27 22:18:21 [GET] /favicon.ico 200 60.867µs
2025/04/27 22:44:22 [GET] / 200 622.657µs
2025/04/27 22:44:22 [GET] /favicon.ico 200 114.11µs
2025/04/27 22:44:42 [GET] /transactions/add 200 85.362µs
2025/04/27 22:46:26 [GET] / 200 520.48µs
2025/04/27 22:46:27 [GET] /transactions/add 200 133.2µs
2025/04/27 22:47:04 [POST] /add 200 57.266µs
2025/04/27 22:49:22 [POST] /add 200 245.484µs
2025/04/27 22:50:10 [POST] /add 200 156.541µs
2025/04/27 22:50:17 [POST] /add 200 222.716µs
2025/04/27 22:50:21 [GET] / 200 561.467µs
2025/04/27 22:50:21 [GET] /favicon.ico 200 83.632µs
2025/04/27 22:50:30 [GET] / 200 131.755µs
2025/04/27 22:50:36 [GET] / 200 187.022µs
2025/04/27 22:51:07 [GET] /transactions/add 200 419.222µs
2025/04/27 22:53:00 [POST] /transactions/add 302 13.584355ms
2025/04/27 22:53:00 [GET] / 200 208.578µs
2025/04/27 22:53:09 [GET] / 200 180.852µs
2025/04/27 22:53:26 [GET] / 200 305.034µs
2025/04/27 22:55:40 [GET] /transactions/add 200 155.94µs
2025/04/27 22:55:45 [GET] / 200 85.443µs
2025/04/27 22:55:45 [GET] /favicon.ico 200 64.018µs
2025/04/27 22:55:47 [GET] / 200 108.156µs
2025/04/27 22:55:49 [GET] / 200 185.564µs
2025/04/27 22:55:49 [GET] / 200 96.254µs
2025/04/27 22:55:50 [GET] / 200 111.043µs
2025/04/27 22:55:50 [GET] / 200 99.538µs
2025/04/27 22:55:50 [GET] / 200 233.162µs
2025/04/27 23:00:42 [GET] / 200 910.156µs
2025/04/27 23:00:42 [GET] /favicon.ico 200 64.023µs
2025/04/27 23:00:44 [GET] /transactions/add 200 114.867µs
2025/04/27 23:00:58 [POST] /transactions/add 302 14.561532ms
2025/04/27 23:00:58 [GET] / 200 652.836µs
2025/04/27 23:01:11 [GET] / 200 391.384µs
2025/04/27 23:01:16 [GET] / 200 425.569µs
